<?xml version="1.0" encoding="UTF-8"?>
<testsuite name="com.polarbookshop.catalogservice.domain.BookValidationTests" tests="2" skipped="0" failures="0" errors="0" timestamp="2024-07-10T11:35:41" hostname="MacBook-Pro-tilhrende-Nicklas.local" time="0.058">
  <properties/>
  <testcase name="whenAllFieldsCorrectThenValidationSucceeds()" classname="com.polarbookshop.catalogservice.domain.BookValidationTests" time="0.055"/>
  <testcase name="whenIsbnDefinedButIncorretThenValidationFails()" classname="com.polarbookshop.catalogservice.domain.BookValidationTests" time="0.002"/>
  <system-out><![CDATA[]]></system-out>
  <system-err><![CDATA[]]></system-err>
</testsuite>
