<?xml version="1.0" encoding="UTF-8"?>
<testsuite name="com.polarbookshop.catalogservice.web.BookControllerMvcTests" tests="1" skipped="0" failures="0" errors="0" timestamp="2024-07-04T13:48:48" hostname="MacBook-Pro-tilhrende-Nicklas.local" time="0.028">
  <properties/>
  <testcase name="whenGetBookNotExistingThenShouldReturn404()" classname="com.polarbookshop.catalogservice.web.BookControllerMvcTests" time="0.028"/>
  <system-out><![CDATA[2024-07-04T15:48:48.410+02:00  INFO 87031 --- [    Test worker] t.c.s.AnnotationConfigContextLoaderUtils : Could not detect default configuration classes for test class [com.polarbookshop.catalogservice.web.BookControllerMvcTests]: BookControllerMvcTests does not declare any static, non-private, non-final, nested classes annotated with @Configuration.
2024-07-04T15:48:48.421+02:00  INFO 87031 --- [    Test worker] .b.t.c.SpringBootTestContextBootstrapper : Found @SpringBootConfiguration com.polarbookshop.catalogservice.CatalogServiceApplication for test class com.polarbookshop.catalogservice.web.BookControllerMvcTests

  .   ____          _            __ _ _
 /\\ / ___'_ __ _ _(_)_ __  __ _ \ \ \ \
( ( )\___ | '_ | '_| | '_ \/ _` | \ \ \ \
 \\/  ___)| |_)| | | | | || (_| |  ) ) ) )
  '  |____| .__|_| |_|_| |_\__, | / / / /
 =========|_|==============|___/=/_/_/_/
 :: Spring Boot ::                (v3.2.7)

2024-07-04T15:48:48.435+02:00  INFO 87031 --- [    Test worker] c.p.c.web.BookControllerMvcTests         : Starting BookControllerMvcTests using Java 17.0.3 with PID 87031 (started by nicklasroed in /Users/nicklasroed/Desktop/Spring Boot in Action/catalog-service)
2024-07-04T15:48:48.435+02:00  INFO 87031 --- [    Test worker] c.p.c.web.BookControllerMvcTests         : No active profile set, falling back to 1 default profile: "default"
2024-07-04T15:48:48.666+02:00  INFO 87031 --- [    Test worker] o.s.b.t.m.w.SpringBootMockServletContext : Initializing Spring TestDispatcherServlet ''
2024-07-04T15:48:48.666+02:00  INFO 87031 --- [    Test worker] o.s.t.web.servlet.TestDispatcherServlet  : Initializing Servlet ''
2024-07-04T15:48:48.667+02:00  INFO 87031 --- [    Test worker] o.s.t.web.servlet.TestDispatcherServlet  : Completed initialization in 0 ms
2024-07-04T15:48:48.681+02:00  INFO 87031 --- [    Test worker] c.p.c.web.BookControllerMvcTests         : Started BookControllerMvcTests in 0.257 seconds (process running for 2.359)
]]></system-out>
  <system-err><![CDATA[]]></system-err>
</testsuite>
