<?xml version="1.0" encoding="UTF-8"?>
<testsuite name="com.polarbookshop.catalogservice.domain.BookValidationTests" tests="8" skipped="0" failures="0" errors="0" timestamp="2024-07-12T13:27:12" hostname="MacBook-Pro-tilhrende-Nicklas.local" time="0.008">
  <properties/>
  <testcase name="whenTitleIsNotDefinedThenValidationFails()" classname="com.polarbookshop.catalogservice.domain.BookValidationTests" time="0.005"/>
  <testcase name="whenAllFieldsCorrectThenValidationSucceeds()" classname="com.polarbookshop.catalogservice.domain.BookValidationTests" time="0.001"/>
  <testcase name="whenPriceDefinedButZeroThenValidationFails()" classname="com.polarbookshop.catalogservice.domain.BookValidationTests" time="0.0"/>
  <testcase name="whenIsbnNotDefinedThenValidationFails()" classname="com.polarbookshop.catalogservice.domain.BookValidationTests" time="0.001"/>
  <testcase name="whenPriceDefinedButNegativeThenValidationFails()" classname="com.polarbookshop.catalogservice.domain.BookValidationTests" time="0.0"/>
  <testcase name="whenPriceIsNotDefinedThenValidationFails()" classname="com.polarbookshop.catalogservice.domain.BookValidationTests" time="0.001"/>
  <testcase name="whenIsbnDefinedButIncorrectThenValidationFails()" classname="com.polarbookshop.catalogservice.domain.BookValidationTests" time="0.0"/>
  <testcase name="whenAuthorIsNotDefinedThenValidationFails()" classname="com.polarbookshop.catalogservice.domain.BookValidationTests" time="0.0"/>
  <system-out><![CDATA[]]></system-out>
  <system-err><![CDATA[]]></system-err>
</testsuite>
