<?xml version="1.0" encoding="UTF-8"?>
<testsuite name="com.polarbookshop.catalogservice.CatalogServiceApplicationTests" tests="4" skipped="0" failures="0" errors="0" timestamp="2024-07-12T12:57:54" hostname="MacBook-Pro-tilhrende-Nicklas.local" time="0.873">
  <properties/>
  <testcase name="whenDeleteRequestThenBookDeleted()" classname="com.polarbookshop.catalogservice.CatalogServiceApplicationTests" time="0.816"/>
  <testcase name="whenPutRequestThenBookUpdated()" classname="com.polarbookshop.catalogservice.CatalogServiceApplicationTests" time="0.033"/>
  <testcase name="whenPostRequestThenBookCreated()" classname="com.polarbookshop.catalogservice.CatalogServiceApplicationTests" time="0.009"/>
  <testcase name="whenGetRequestWithIdThenBookReturned()" classname="com.polarbookshop.catalogservice.CatalogServiceApplicationTests" time="0.013"/>
  <system-out><![CDATA[14:57:51.303 [Test worker] INFO org.springframework.test.context.support.AnnotationConfigContextLoaderUtils -- Could not detect default configuration classes for test class [com.polarbookshop.catalogservice.CatalogServiceApplicationTests]: CatalogServiceApplicationTests does not declare any static, non-private, non-final, nested classes annotated with @Configuration.
14:57:51.356 [Test worker] INFO org.springframework.boot.test.context.SpringBootTestContextBootstrapper -- Found @SpringBootConfiguration com.polarbookshop.catalogservice.CatalogServiceApplication for test class com.polarbookshop.catalogservice.CatalogServiceApplicationTests

  .   ____          _            __ _ _
 /\\ / ___'_ __ _ _(_)_ __  __ _ \ \ \ \
( ( )\___ | '_ | '_| | '_ \/ _` | \ \ \ \
 \\/  ___)| |_)| | | | | || (_| |  ) ) ) )
  '  |____| .__|_| |_|_| |_\__, | / / / /
 =========|_|==============|___/=/_/_/_/
 :: Spring Boot ::                (v3.2.7)

2024-07-12T14:57:51.764+02:00  INFO 3692 --- [catalog-service] [    Test worker] c.p.c.CatalogServiceApplicationTests     : Starting CatalogServiceApplicationTests using Java 17.0.3 with PID 3692 (started by nicklasroed in /Users/nicklasroed/Desktop/Spring Boot in Action/catalog-service)
2024-07-12T14:57:51.764+02:00  INFO 3692 --- [catalog-service] [    Test worker] c.p.c.CatalogServiceApplicationTests     : The following 1 profile is active: "integration"
2024-07-12T14:57:51.772+02:00  INFO 3692 --- [catalog-service] [    Test worker] o.s.c.c.c.ConfigServerConfigDataLoader   : Fetching config from server at : http://localhost:8888
2024-07-12T14:57:51.773+02:00  INFO 3692 --- [catalog-service] [    Test worker] o.s.c.c.c.ConfigServerConfigDataLoader   : Exception on Url - http://localhost:8888:org.springframework.web.client.ResourceAccessException: I/O error on GET request for "http://localhost:8888/catalog-service/default": Connection refused. Will be trying the next url if available
2024-07-12T14:57:51.773+02:00  WARN 3692 --- [catalog-service] [    Test worker] o.s.c.c.c.ConfigServerConfigDataLoader   : Could not locate PropertySource ([ConfigServerConfigDataResource@6242ae3b uris = array<String>['http://localhost:8888'], optional = true, profiles = 'default']): I/O error on GET request for "http://localhost:8888/catalog-service/default": Connection refused
2024-07-12T14:57:51.773+02:00  INFO 3692 --- [catalog-service] [    Test worker] o.s.c.c.c.ConfigServerConfigDataLoader   : Fetching config from server at : http://localhost:8888
2024-07-12T14:57:51.773+02:00  INFO 3692 --- [catalog-service] [    Test worker] o.s.c.c.c.ConfigServerConfigDataLoader   : Exception on Url - http://localhost:8888:org.springframework.web.client.ResourceAccessException: I/O error on GET request for "http://localhost:8888/catalog-service/integration": Connection refused. Will be trying the next url if available
2024-07-12T14:57:51.773+02:00  WARN 3692 --- [catalog-service] [    Test worker] o.s.c.c.c.ConfigServerConfigDataLoader   : Could not locate PropertySource ([ConfigServerConfigDataResource@326d27ac uris = array<String>['http://localhost:8888'], optional = true, profiles = 'integration']): I/O error on GET request for "http://localhost:8888/catalog-service/integration": Connection refused
2024-07-12T14:57:51.773+02:00  INFO 3692 --- [catalog-service] [    Test worker] o.s.c.c.c.ConfigServerConfigDataLoader   : Fetching config from server at : http://localhost:8888
2024-07-12T14:57:51.773+02:00  INFO 3692 --- [catalog-service] [    Test worker] o.s.c.c.c.ConfigServerConfigDataLoader   : Exception on Url - http://localhost:8888:org.springframework.web.client.ResourceAccessException: I/O error on GET request for "http://localhost:8888/catalog-service/default": Connection refused. Will be trying the next url if available
2024-07-12T14:57:51.773+02:00  WARN 3692 --- [catalog-service] [    Test worker] o.s.c.c.c.ConfigServerConfigDataLoader   : Could not locate PropertySource ([ConfigServerConfigDataResource@4d499d65 uris = array<String>['http://localhost:8888'], optional = true, profiles = 'default']): I/O error on GET request for "http://localhost:8888/catalog-service/default": Connection refused
2024-07-12T14:57:52.172+02:00  INFO 3692 --- [catalog-service] [    Test worker] .s.d.r.c.RepositoryConfigurationDelegate : Bootstrapping Spring Data JDBC repositories in DEFAULT mode.
2024-07-12T14:57:52.237+02:00  INFO 3692 --- [catalog-service] [    Test worker] .s.d.r.c.RepositoryConfigurationDelegate : Finished Spring Data repository scanning in 62 ms. Found 1 JDBC repository interface.
2024-07-12T14:57:52.326+02:00  INFO 3692 --- [catalog-service] [    Test worker] o.s.cloud.context.scope.GenericScope     : BeanFactory id=a7e4bdd1-eb3e-3596-bed7-fb34e73bd659
2024-07-12T14:57:52.509+02:00  INFO 3692 --- [catalog-service] [    Test worker] o.s.b.w.embedded.tomcat.TomcatWebServer  : Tomcat initialized with port 0 (http)
2024-07-12T14:57:52.515+02:00  INFO 3692 --- [catalog-service] [    Test worker] o.apache.catalina.core.StandardService   : Starting service [Tomcat]
2024-07-12T14:57:52.516+02:00  INFO 3692 --- [catalog-service] [    Test worker] o.apache.catalina.core.StandardEngine    : Starting Servlet engine: [Apache Tomcat/10.1.25]
2024-07-12T14:57:52.552+02:00  INFO 3692 --- [catalog-service] [    Test worker] o.a.c.c.C.[Tomcat].[localhost].[/]       : Initializing Spring embedded WebApplicationContext
2024-07-12T14:57:52.553+02:00  INFO 3692 --- [catalog-service] [    Test worker] w.s.c.ServletWebServerApplicationContext : Root WebApplicationContext: initialization completed in 777 ms
2024-07-12T14:57:52.652+02:00  INFO 3692 --- [catalog-service] [    Test worker] com.zaxxer.hikari.HikariDataSource       : HikariPool-1 - Starting...
2024-07-12T14:57:52.675+02:00  INFO 3692 --- [catalog-service] [    Test worker] org.testcontainers.images.PullPolicy     : Image pull policy will be performed by: DefaultPullPolicy()
2024-07-12T14:57:52.676+02:00  INFO 3692 --- [catalog-service] [    Test worker] o.t.utility.ImageNameSubstitutor         : Image name substitution will be performed by: DefaultImageNameSubstitutor (composite of 'ConfigurationFileImageNameSubstitutor' and 'PrefixingImageNameSubstitutor')
2024-07-12T14:57:52.767+02:00  INFO 3692 --- [catalog-service] [    Test worker] o.t.d.DockerClientProviderStrategy       : Loaded org.testcontainers.dockerclient.UnixSocketClientProviderStrategy from ~/.testcontainers.properties, will try it first
2024-07-12T14:57:52.928+02:00  INFO 3692 --- [catalog-service] [    Test worker] o.t.d.DockerClientProviderStrategy       : Found Docker environment with local Unix socket (unix:///var/run/docker.sock)
2024-07-12T14:57:52.929+02:00  INFO 3692 --- [catalog-service] [    Test worker] org.testcontainers.DockerClientFactory   : Docker host IP address is localhost
2024-07-12T14:57:52.939+02:00  INFO 3692 --- [catalog-service] [    Test worker] org.testcontainers.DockerClientFactory   : Connected to docker: 
  Server Version: 26.1.4
  API Version: 1.45
  Operating System: Docker Desktop
  Total Memory: 3922 MB
2024-07-12T14:57:52.960+02:00  INFO 3692 --- [catalog-service] [    Test worker] tc.testcontainers/ryuk:0.7.0             : Creating container for image: testcontainers/ryuk:0.7.0
2024-07-12T14:57:53.114+02:00  INFO 3692 --- [catalog-service] [    Test worker] tc.testcontainers/ryuk:0.7.0             : Container testcontainers/ryuk:0.7.0 is starting: 1ee5976fa08d81ae0c55ce67ddb94f4e123f343f5a0170a1c57aefac575873f3
2024-07-12T14:57:53.415+02:00  INFO 3692 --- [catalog-service] [    Test worker] tc.testcontainers/ryuk:0.7.0             : Container testcontainers/ryuk:0.7.0 started in PT0.454499S
2024-07-12T14:57:53.420+02:00  INFO 3692 --- [catalog-service] [    Test worker] o.t.utility.RyukResourceReaper           : Ryuk started - will monitor and terminate Testcontainers containers on JVM exit
2024-07-12T14:57:53.420+02:00  INFO 3692 --- [catalog-service] [    Test worker] org.testcontainers.DockerClientFactory   : Checking the system...
2024-07-12T14:57:53.420+02:00  INFO 3692 --- [catalog-service] [    Test worker] org.testcontainers.DockerClientFactory   : ✔︎ Docker server version should be at least 1.6.0
2024-07-12T14:57:53.421+02:00  INFO 3692 --- [catalog-service] [    Test worker] tc.postgres:14.12                        : Creating container for image: postgres:14.12
2024-07-12T14:57:53.440+02:00  INFO 3692 --- [catalog-service] [    Test worker] tc.postgres:14.12                        : Container postgres:14.12 is starting: 9de189241ae02a0a570ea658a3cf266169c332ec417d3c57fa8cca678df6e989
2024-07-12T14:57:54.273+02:00  INFO 3692 --- [catalog-service] [    Test worker] tc.postgres:14.12                        : Container postgres:14.12 started in PT0.852243S
2024-07-12T14:57:54.275+02:00  INFO 3692 --- [catalog-service] [    Test worker] tc.postgres:14.12                        : Container is started (JDBC URL: jdbc:postgresql://localhost:59671/test?loggerLevel=OFF)
2024-07-12T14:57:54.392+02:00  INFO 3692 --- [catalog-service] [    Test worker] com.zaxxer.hikari.pool.HikariPool        : HikariPool-1 - Added connection org.testcontainers.jdbc.ConnectionWrapper@63c88994
2024-07-12T14:57:54.393+02:00  INFO 3692 --- [catalog-service] [    Test worker] com.zaxxer.hikari.HikariDataSource       : HikariPool-1 - Start completed.
2024-07-12T14:57:54.733+02:00  INFO 3692 --- [catalog-service] [    Test worker] o.s.b.a.e.web.EndpointLinksResolver      : Exposing 1 endpoint(s) beneath base path '/actuator'
2024-07-12T14:57:54.874+02:00  INFO 3692 --- [catalog-service] [    Test worker] o.s.b.w.embedded.tomcat.TomcatWebServer  : Tomcat started on port 59679 (http) with context path ''
2024-07-12T14:57:54.892+02:00  INFO 3692 --- [catalog-service] [    Test worker] c.p.c.CatalogServiceApplicationTests     : Started CatalogServiceApplicationTests in 3.466 seconds (process running for 4.05)
2024-07-12T14:57:55.495+02:00 ERROR 3692 --- [catalog-service] [    Test worker] i.n.r.d.DnsServerAddressStreamProviders  : Unable to load io.netty.resolver.dns.macos.MacOSDnsServerAddressStreamProvider, fallback to system defaults. This may result in incorrect DNS resolutions on MacOS. Check whether you have a dependency on 'io.netty:netty-resolver-dns-native-macos'. Use DEBUG level to see the full stack: java.lang.UnsatisfiedLinkError: failed to load the required native library
2024-07-12T14:57:55.613+02:00  INFO 3692 --- [catalog-service] [o-auto-1-exec-1] o.a.c.c.C.[Tomcat].[localhost].[/]       : Initializing Spring DispatcherServlet 'dispatcherServlet'
2024-07-12T14:57:55.614+02:00  INFO 3692 --- [catalog-service] [o-auto-1-exec-1] o.s.web.servlet.DispatcherServlet        : Initializing Servlet 'dispatcherServlet'
2024-07-12T14:57:55.614+02:00  INFO 3692 --- [catalog-service] [o-auto-1-exec-1] o.s.web.servlet.DispatcherServlet        : Completed initialization in 0 ms
]]></system-out>
  <system-err><![CDATA[]]></system-err>
</testsuite>
